\BOOKMARK [0][-]{title.0}{\376\377\134\001\227\142}{}
\BOOKMARK [0][-]{chapter*.1}{\376\377\236\043\214\042\377\001}{}
\BOOKMARK [0][-]{chapter*.2}{\376\377\122\115\212\000}{}
\BOOKMARK [0][-]{chapter.1}{\376\377\127\372\147\054\167\345\213\306}{}
\BOOKMARK [1][-]{section.1.1}{\376\377\156\070\142\017\166\204\124\015\166\356}{chapter.1}
\BOOKMARK [2][-]{subsection.1.1.1}{\376\377\000\124\000\145\000\130}{section.1.1}
\BOOKMARK [2][-]{subsection.1.1.2}{\376\377\000\114\000\141\000\124\000\145\000\130}{section.1.1}
\BOOKMARK [1][-]{section.1.2}{\376\377\000\114\000\141\000\124\000\145\000\130\000\040\127\372\170\100}{chapter.1}
\BOOKMARK [2][-]{subsection.1.2.1}{\376\377\117\134\200\005\060\001\126\376\116\146\213\276\213\241\200\005\124\214\143\222\162\110\200\005}{section.1.2}
\BOOKMARK [2][-]{subsection.1.2.2}{\376\377\162\110\227\142\213\276\213\241}{section.1.2}
\BOOKMARK [2][-]{subsection.1.2.3}{\376\377\117\030\122\277\124\214\116\015\215\263}{section.1.2}
\BOOKMARK [1][-]{section.1.3}{\376\377\000\114\000\141\000\124\000\145\000\130\000\040\156\220\145\207\116\366}{chapter.1}
\BOOKMARK [2][-]{subsection.1.3.1}{\376\377\172\172\166\175\215\335\171\273}{section.1.3}
\BOOKMARK [2][-]{subsection.1.3.2}{\376\377\162\171\153\212\133\127\173\046}{section.1.3}
\BOOKMARK [2][-]{subsection.1.3.3}{\376\377\000\114\000\141\000\124\000\145\000\130\000\040\124\175\116\344}{section.1.3}
\BOOKMARK [2][-]{subsection.1.3.4}{\376\377\154\350\221\312}{section.1.3}
\BOOKMARK [1][-]{section.1.4}{\376\377\156\220\145\207\116\366\166\204\176\323\147\204}{chapter.1}
\BOOKMARK [1][-]{section.1.5}{\376\377\116\000\116\052\121\170\127\213\166\204\124\175\116\344\210\114\217\307\172\013}{chapter.1}
\BOOKMARK [1][-]{section.1.6}{\376\377\145\207\150\143\136\003\134\100}{chapter.1}
\BOOKMARK [2][-]{subsection.1.6.1}{\376\377\145\207\150\143\174\173}{section.1.6}
\BOOKMARK [2][-]{subsection.1.6.2}{\376\377\133\217\123\005}{section.1.6}
\BOOKMARK [1][-]{section.1.7}{\376\377\124\004\174\173\000\040\000\114\000\141\000\124\000\145\000\130\000\040\145\207\116\366}{chapter.1}
\BOOKMARK [2][-]{subsection.1.7.1}{\376\377\230\165\227\142\137\017\150\067}{section.1.7}
\BOOKMARK [1][-]{section.1.8}{\376\377\131\047\127\213\145\207\150\143}{chapter.1}
\BOOKMARK [0][-]{chapter.2}{\376\377\145\207\150\143\143\222\162\110}{}
\BOOKMARK [1][-]{section.2.1}{\376\377\145\207\150\143\124\214\213\355\212\000\166\204\176\323\147\204}{chapter.2}
\BOOKMARK [1][-]{section.2.2}{\376\377\145\255\210\114\124\214\122\006\230\165}{chapter.2}
\BOOKMARK [2][-]{subsection.2.2.1}{\376\377\153\265\204\075\145\164\164\006}{section.2.2}
\BOOKMARK [2][-]{subsection.2.2.2}{\376\377\145\255\133\127}{section.2.2}
\BOOKMARK [1][-]{section.2.3}{\376\377\133\146\116\140\133\127\173\046\116\062\143\222\162\110}{chapter.2}
\BOOKMARK [1][-]{section.2.4}{\376\377\162\171\153\212\133\127\173\046\124\214\173\046\123\367}{chapter.2}
\BOOKMARK [2][-]{subsection.2.4.1}{\376\377\137\025\123\367}{section.2.4}
\BOOKMARK [2][-]{subsection.2.4.2}{\376\377\170\064\142\230\123\367\124\214\217\336\133\127\123\367}{section.2.4}
\BOOKMARK [2][-]{subsection.2.4.3}{\376\377\154\342\155\152\123\367}{section.2.4}
\BOOKMARK [2][-]{subsection.2.4.4}{\376\377\136\246\166\204\173\046\123\367}{section.2.4}
\BOOKMARK [2][-]{subsection.2.4.5}{\376\377\167\001\165\145\123\367\000\050\000\056\000\056\000\056\000\051}{section.2.4}
\BOOKMARK [2][-]{subsection.2.4.6}{\376\377\217\336\133\127}{section.2.4}
\BOOKMARK [2][-]{subsection.2.4.7}{\376\377\154\350\227\363\173\046\123\367\124\214\162\171\153\212\133\127\173\046}{section.2.4}
\BOOKMARK [1][-]{section.2.5}{\376\377\145\057\143\001\117\177\165\050\126\375\226\105\213\355\212\000}{chapter.2}
\BOOKMARK [2][-]{subsection.2.5.1}{\376\377\133\371\137\267\213\355\166\204\145\057\143\001}{section.2.5}
\BOOKMARK [1][-]{section.2.6}{\376\377\123\125\213\315\166\204\225\364\226\224}{chapter.2}
\BOOKMARK [1][-]{section.2.7}{\376\377\150\007\230\230\377\014\172\340\124\214\202\202}{chapter.2}
\BOOKMARK [1][-]{section.2.8}{\376\377\116\244\123\311\137\025\165\050}{chapter.2}
\BOOKMARK [1][-]{section.2.9}{\376\377\201\032\154\350}{chapter.2}
\BOOKMARK [1][-]{section.2.10}{\376\377\137\072\214\003}{chapter.2}
\BOOKMARK [1][-]{section.2.11}{\376\377\163\257\130\203}{chapter.2}
\BOOKMARK [2][-]{subsection.2.11.1}{\376\377\000\111\000\164\000\145\000\155\000\151\000\172\000\145\000\054\000\040\000\105\000\156\000\165\000\155\000\145\000\162\000\141\000\164\000\145\000\054\000\040\000\141\000\156\000\144\000\040\000\104\000\145\000\163\000\143\000\162\000\151\000\160\000\164\000\151\000\157\000\156}{section.2.11}
\BOOKMARK [2][-]{subsection.2.11.2}{\376\377\000\106\000\154\000\165\000\163\000\150\000\154\000\145\000\146\000\164\000\054\000\040\000\106\000\154\000\165\000\163\000\150\000\162\000\151\000\147\000\150\000\164\000\054\000\040\000\141\000\156\000\144\000\040\000\103\000\145\000\156\000\164\000\145\000\162}{section.2.11}
\BOOKMARK [2][-]{subsection.2.11.3}{\376\377\000\121\000\165\000\157\000\164\000\145\000\054\000\040\000\121\000\165\000\157\000\164\000\141\000\164\000\151\000\157\000\156\000\054\000\040\000\141\000\156\000\144\000\040\000\126\000\145\000\162\000\163\000\145}{section.2.11}
\BOOKMARK [2][-]{subsection.2.11.4}{\376\377\220\020\133\127\142\123\123\160}{section.2.11}
\BOOKMARK [2][-]{subsection.2.11.5}{\376\377\210\150\150\074}{section.2.11}
\BOOKMARK [1][-]{section.2.12}{\376\377\155\156\122\250\117\123}{chapter.2}
\BOOKMARK [1][-]{section.2.13}{\376\377\117\335\142\244\201\006\137\061\124\175\116\344}{chapter.2}
\BOOKMARK [0][-]{chapter.3}{\376\377\145\160\133\146\121\154\137\017}{}
\BOOKMARK [1][-]{section.3.1}{\376\377\127\372\147\054\167\345\213\306}{chapter.3}
\BOOKMARK [1][-]{section.3.2}{\376\377\145\160\133\146\152\041\137\017\116\055\166\204\122\006\176\304}{chapter.3}
\BOOKMARK [1][-]{section.3.3}{\376\377\136\372\172\313\145\160\133\146\121\154\137\017\152\041\127\127}{chapter.3}
\BOOKMARK [1][-]{section.3.4}{\376\377\145\160\133\146\172\172\150\074}{chapter.3}
\BOOKMARK [1][-]{section.3.5}{\376\377\127\202\166\364\133\371\237\120}{chapter.3}
\BOOKMARK [1][-]{section.3.6}{\376\377\136\173\137\161}{chapter.3}
\BOOKMARK [1][-]{section.3.7}{\376\377\145\160\133\146\133\127\117\123\131\047\134\017}{chapter.3}
\BOOKMARK [1][-]{section.3.8}{\376\377\133\232\164\006\060\001\133\232\116\111\000\040\000\056\000\056\000\056}{chapter.3}
\BOOKMARK [1][-]{section.3.9}{\376\377\174\227\117\123\173\046\123\367}{chapter.3}
\BOOKMARK [1][-]{section.3.10}{\376\377\145\160\133\146\173\046\123\367\210\150}{chapter.3}
\BOOKMARK [0][-]{chapter.4}{\376\377\162\171\153\212\122\237\200\375}{}
\BOOKMARK [1][-]{section.4.1}{\376\377\123\005\124\053\000\040\000\105\000\120\000\123\000\040\126\376\137\142}{chapter.4}
\BOOKMARK [1][-]{section.4.2}{\376\377\123\302\200\003\145\207\163\056}{chapter.4}
\BOOKMARK [1][-]{section.4.3}{\376\377\175\042\137\025}{chapter.4}
\BOOKMARK [1][-]{section.4.4}{\376\377\133\232\122\066\230\165\167\011\124\214\230\165\201\032}{chapter.4}
\BOOKMARK [1][-]{section.4.5}{\376\377\000\126\000\145\000\162\000\142\000\141\000\164\000\151\000\155\000\040\133\217\123\005}{chapter.4}
\BOOKMARK [1][-]{section.4.6}{\376\377\116\013\217\175\136\166\133\211\210\305\000\040\000\114\000\141\000\124\000\145\000\130\000\040\133\217\123\005}{chapter.4}
\BOOKMARK [0][-]{chapter.5}{\376\377\133\232\122\066\000\040\000\114\000\141\000\124\000\145\000\130}{}
\BOOKMARK [1][-]{section.5.1}{\376\377\136\372\172\313\145\260\166\204\124\175\116\344\060\001\163\257\130\203\124\214\123\005}{chapter.5}
\BOOKMARK [2][-]{subsection.5.1.1}{\376\377\136\372\172\313\145\260\166\204\124\175\116\344}{section.5.1}
\BOOKMARK [2][-]{subsection.5.1.2}{\376\377\136\372\172\313\145\260\166\204\163\257\130\203}{section.5.1}
\BOOKMARK [2][-]{subsection.5.1.3}{\376\377\136\372\172\313\117\140\201\352\135\361\166\204\133\217\123\005}{section.5.1}
\BOOKMARK [1][-]{section.5.2}{\376\377\133\127\117\123\124\214\134\072\133\370}{chapter.5}
\BOOKMARK [2][-]{subsection.5.2.1}{\376\377\133\127\117\123\123\330\143\142\124\175\116\344}{section.5.2}
\BOOKMARK [2][-]{subsection.5.2.2}{\376\377\000\104\000\141\000\156\000\147\000\145\000\162\000\054\000\040\000\127\000\151\000\154\000\154\000\040\000\122\000\157\000\142\000\151\000\156\000\163\000\157\000\156\000\054\000\040\000\104\000\141\000\156\000\147\000\145\000\162}{section.5.2}
\BOOKMARK [2][-]{subsection.5.2.3}{\376\377\136\372\213\256}{section.5.2}
\BOOKMARK [1][-]{section.5.3}{\376\377\145\207\150\143\133\371\214\141\116\113\225\364\166\204\225\364\226\224}{chapter.5}
\BOOKMARK [2][-]{subsection.5.3.1}{\376\377\210\114\215\335}{section.5.3}
\BOOKMARK [2][-]{subsection.5.3.2}{\376\377\153\265\204\075\150\074\137\017}{section.5.3}
\BOOKMARK [2][-]{subsection.5.3.3}{\376\377\154\064\136\163\215\335\171\273}{section.5.3}
\BOOKMARK [2][-]{subsection.5.3.4}{\376\377\127\202\166\364\215\335\171\273}{section.5.3}
\BOOKMARK [1][-]{section.5.4}{\376\377\230\165\227\142\166\204\136\003\134\100}{chapter.5}
\BOOKMARK [1][-]{section.5.5}{\376\377\121\163\116\216\225\177\136\246\166\204\146\364\213\346\176\306\166\204\117\341\140\157}{chapter.5}
\BOOKMARK [1][-]{section.5.6}{\376\377\166\322\133\120}{chapter.5}
\BOOKMARK [1][-]{section.5.7}{\376\377\150\007\134\072\124\214\145\057\144\221}{chapter.5}
\BOOKMARK [0][-]{chapter*.7}{\376\377\123\302\200\003\145\207\163\056}{}
\BOOKMARK [0][-]{section*.8}{\376\377\175\042\137\025}{}
