\BOOKMARK [-1][]{ctitle.-1}{清华大学学位论文 LaTeX 模板使用示例文档}{}% 1
\BOOKMARK [0][]{thuchapter.1.0}{中文摘要}{ctitle.-1}% 2
\BOOKMARK [0][]{thuchapter.2.0}{ABSTRACT}{ctitle.-1}% 3
\BOOKMARK [0][]{thuchapter.3.0}{目 录}{ctitle.-1}% 4
\BOOKMARK [0][]{thuchapter.4.0}{主要符号对照表}{ctitle.-1}% 5
\BOOKMARK [0][]{chapter.1}{第 1 章 带 English 的标题}{ctitle.-1}% 6
\BOOKMARK [1][-]{section.1.1}{1.1 封面相关}{chapter.1}% 7
\BOOKMARK [1][-]{section.1.2}{1.2 字体命令}{chapter.1}% 8
\BOOKMARK [1][-]{section.1.3}{1.3 表格样本}{chapter.1}% 9
\BOOKMARK [2][-]{subsection.1.3.1}{1.3.1 基本表格}{section.1.3}% 10
\BOOKMARK [2][-]{subsection.1.3.2}{1.3.2 复杂表格}{section.1.3}% 11
\BOOKMARK [2][-]{subsection.1.3.3}{1.3.3 其它}{section.1.3}% 12
\BOOKMARK [1][-]{section.1.4}{1.4 定理环境}{chapter.1}% 13
\BOOKMARK [1][-]{section.1.5}{1.5 参考文献}{chapter.1}% 14
\BOOKMARK [1][-]{section.1.6}{1.6 公式}{chapter.1}% 15
\BOOKMARK [1][-]{section.1.7}{1.7 破折号}{chapter.1}% 16
\BOOKMARK [0][]{chapter.2}{第 2 章 中华人民共和国}{ctitle.-1}% 17
\BOOKMARK [1][-]{section.2.1}{2.1 其它例子}{chapter.2}% 18
\BOOKMARK [2][-]{subsection.2.1.1}{2.1.1 绘图}{section.2.1}% 19
\BOOKMARK [2][-]{subsection.2.1.2}{2.1.2 插图}{section.2.1}% 20
\BOOKMARK [3][-]{subsubsection.2.1.2.1}{2.1.2.1 一个图形}{subsection.2.1.2}% 21
\BOOKMARK [3][-]{subsubsection.2.1.2.2}{2.1.2.2 多个图形}{subsection.2.1.2}% 22
\BOOKMARK [0][]{section*.21}{插图索引}{ctitle.-1}% 23
\BOOKMARK [0][]{section*.23}{表格索引}{ctitle.-1}% 24
\BOOKMARK [0][]{section*.25}{公式索引}{ctitle.-1}% 25
\BOOKMARK [0][]{section*.27}{致 谢}{ctitle.-1}% 26
\BOOKMARK [0][]{section*.29}{声 明}{ctitle.-1}% 27
\BOOKMARK [0][]{appendix.A}{附录 A 外文资料原文}{ctitle.-1}% 28
\BOOKMARK [1][-]{section.A.1}{A.1\040Single-Objective\040Programming}{appendix.A}% 29
\BOOKMARK [2][-]{subsection.A.1.1}{A.1.1\040Linear\040Programming}{section.A.1}% 30
\BOOKMARK [2][-]{subsection.A.1.2}{A.1.2\040Nonlinear\040Programming}{section.A.1}% 31
\BOOKMARK [2][-]{subsection.A.1.3}{A.1.3\040Integer\040Programming}{section.A.1}% 32
\BOOKMARK [0][]{appendix.B}{附录 B 外文资料的调研阅读报告或书面翻译}{ctitle.-1}% 33
\BOOKMARK [1][-]{section.B.1}{B.1 单目标规划}{appendix.B}% 34
\BOOKMARK [2][-]{subsection.B.1.1}{B.1.1 线性规划}{section.B.1}% 35
\BOOKMARK [2][-]{subsection.B.1.2}{B.1.2 非线性规划}{section.B.1}% 36
\BOOKMARK [2][-]{subsection.B.1.3}{B.1.3 整数规划}{section.B.1}% 37
\BOOKMARK [0][]{appendix.C}{附录 C 其它附录}{ctitle.-1}% 38
\BOOKMARK [0][]{section*.42}{在学期间参加课题的研究成果}{ctitle.-1}% 39
