This is XeTeX, Version 3.1415926-2.2-0.9995.2 (TeX Live 2009) (format=xelatex 2010.5.17)  7 JUN 2010 14:35
entering extended mode
 %&-line parsing enabled.
**main.tex
(./main.tex
LaTeX2e <2009/09/24>
Babel <v3.8l> and hyphenation patterns for english, usenglishmax, dumylang, noh
yphenation, german-x-2009-06-19, ngerman-x-2009-06-19, ancientgreek, ibycus, ar
abic, basque, bulgarian, catalan, pinyin, coptic, croatian, czech, danish, dutc
h, esperanto, estonian, farsi, finnish, french, galician, german, ngerman, mono
greek, greek, hungarian, icelandic, assamese, bengali, gujarati, hindi, kannada
, malayalam, marathi, oriya, panjabi, tamil, telugu, indonesian, interlingua, i
rish, italian, kurmanji, latin, latvian, lithuanian, mongolian, mongolianlmc, b
okmal, nynorsk, polish, portuguese, romanian, russian, sanskrit, serbian, slova
k, slovenian, spanish, swedish, turkish, turkmen, ukenglish, ukrainian, upperso
rbian, welsh, loaded.
(/usr/local/texlive/2009/texmf-dist/tex/latex/thuthesis/thuthesis.cls
Document Class: thuthesis 2008/02/28 4.5.1 Tsinghua University Thesis Template
(/usr/local/texlive/2009/texmf-dist/tex/latex/base/book.cls
Document Class: book 2007/10/19 v1.4h Standard LaTeX document class
(/usr/local/texlive/2009/texmf-dist/tex/latex/base/bk12.clo
File: bk12.clo 2007/10/19 v1.4h Standard LaTeX file (size option)
)
\c@part=\count80
\c@chapter=\count81
\c@section=\count82
\c@subsection=\count83
\c@subsubsection=\count84
\c@paragraph=\count85
\c@subparagraph=\count86
\c@figure=\count87
\c@table=\count88
\abovecaptionskip=\skip41
\belowcaptionskip=\skip42
\bibindent=\dimen102
)
(/usr/local/texlive/2009/texmf-dist/tex/generic/oberdiek/ifpdf.sty
Package: ifpdf 2010/01/28 v2.1 Provides the ifpdf switch (HO)
Package ifpdf Info: pdfTeX in pdf mode not detected.
)
(/usr/local/texlive/2009/texmf-dist/tex/generic/ifxetex/ifxetex.sty
Package: ifxetex 2009/01/23 v0.5 Provides ifxetex conditional
)
(/usr/local/texlive/2009/texmf-dist/tex/latex/base/ifthen.sty
Package: ifthen 2001/05/26 v1.1c Standard LaTeX ifthen package (DPC)
)
(/usr/local/texlive/2009/texmf-dist/tex/latex/tools/calc.sty
Package: calc 2007/08/22 v4.3 Infix arithmetic (KKT,FJ)
\calc@Acount=\count89
\calc@Bcount=\count90
\calc@Adimen=\dimen103
\calc@Bdimen=\dimen104
\calc@Askip=\skip43
\calc@Bskip=\skip44
LaTeX Info: Redefining \setlength on input line 76.
LaTeX Info: Redefining \addtolength on input line 77.
\calc@Ccount=\count91
\calc@Cskip=\skip45
)
(/usr/local/texlive/2009/texmf-dist/tex/latex/amsmath/amsmath.sty
Package: amsmath 2000/07/18 v2.13 AMS math features
\@mathmargin=\skip46

For additional information on amsmath, use the `?' option.
(/usr/local/texlive/2009/texmf-dist/tex/latex/amsmath/amstext.sty
Package: amstext 2000/06/29 v2.01

(/usr/local/texlive/2009/texmf-dist/tex/latex/amsmath/amsgen.sty
File: amsgen.sty 1999/11/30 v2.0
\@emptytoks=\toks14
\ex@=\dimen105
))
(/usr/local/texlive/2009/texmf-dist/tex/latex/amsmath/amsbsy.sty
Package: amsbsy 1999/11/29 v1.2d
\pmbraise@=\dimen106
)
(/usr/local/texlive/2009/texmf-dist/tex/latex/amsmath/amsopn.sty
Package: amsopn 1999/12/14 v2.01 operator names
)
\inf@bad=\count92
LaTeX Info: Redefining \frac on input line 211.
\uproot@=\count93
\leftroot@=\count94
LaTeX Info: Redefining \overline on input line 307.
\classnum@=\count95
\DOTSCASE@=\count96
LaTeX Info: Redefining \ldots on input line 379.
LaTeX Info: Redefining \dots on input line 382.
LaTeX Info: Redefining \cdots on input line 467.
\Mathstrutbox@=\box26
\strutbox@=\box27
\big@size=\dimen107
LaTeX Font Info:    Redeclaring font encoding OML on input line 567.
LaTeX Font Info:    Redeclaring font encoding OMS on input line 568.
\macc@depth=\count97
\c@MaxMatrixCols=\count98
\dotsspace@=\muskip10
\c@parentequation=\count99
\dspbrk@lvl=\count100
\tag@help=\toks15
\row@=\count101
\column@=\count102
\maxfields@=\count103
\andhelp@=\toks16
\eqnshift@=\dimen108
\alignsep@=\dimen109
\tagshift@=\dimen110
\tagwidth@=\dimen111
\totwidth@=\dimen112
\lineht@=\dimen113
\@envbody=\toks17
\multlinegap=\skip47
\multlinetaggap=\skip48
\mathdisplay@stack=\toks18
LaTeX Info: Redefining \[ on input line 2666.
LaTeX Info: Redefining \] on input line 2667.
)
(/usr/local/texlive/2009/texmf-dist/tex/latex/amsfonts/amssymb.sty
Package: amssymb 2009/06/22 v3.00

(/usr/local/texlive/2009/texmf-dist/tex/latex/amsfonts/amsfonts.sty
Package: amsfonts 2009/06/22 v3.00 Basic AMSFonts support
\symAMSa=\mathgroup4
\symAMSb=\mathgroup5
LaTeX Font Info:    Overwriting math alphabet `\mathfrak' in version `bold'
(Font)                  U/euf/m/n --> U/euf/b/n on input line 96.
))
(/usr/local/texlive/2009/texmf-dist/tex/latex/txfonts/txfonts.sty
Package: txfonts 2008/01/22 v3.2.1
LaTeX Font Info:    Redeclaring symbol font `operators' on input line 21.
LaTeX Font Info:    Overwriting symbol font `operators' in version `normal'
(Font)                  OT1/cmr/m/n --> OT1/txr/m/n on input line 21.
LaTeX Font Info:    Overwriting symbol font `operators' in version `bold'
(Font)                  OT1/cmr/bx/n --> OT1/txr/m/n on input line 21.
LaTeX Font Info:    Overwriting symbol font `operators' in version `bold'
(Font)                  OT1/txr/m/n --> OT1/txr/bx/n on input line 22.
\symitalic=\mathgroup6
LaTeX Font Info:    Overwriting symbol font `italic' in version `bold'
(Font)                  OT1/txr/m/it --> OT1/txr/bx/it on input line 26.
LaTeX Font Info:    Redeclaring math alphabet \mathbf on input line 29.
LaTeX Font Info:    Overwriting math alphabet `\mathbf' in version `normal'
(Font)                  OT1/cmr/bx/n --> OT1/txr/bx/n on input line 29.
LaTeX Font Info:    Overwriting math alphabet `\mathbf' in version `bold'
(Font)                  OT1/cmr/bx/n --> OT1/txr/bx/n on input line 29.
LaTeX Font Info:    Redeclaring math alphabet \mathit on input line 30.
LaTeX Font Info:    Overwriting math alphabet `\mathit' in version `normal'
(Font)                  OT1/cmr/m/it --> OT1/txr/m/it on input line 30.
LaTeX Font Info:    Overwriting math alphabet `\mathit' in version `bold'
(Font)                  OT1/cmr/bx/it --> OT1/txr/m/it on input line 30.
LaTeX Font Info:    Overwriting math alphabet `\mathit' in version `bold'
(Font)                  OT1/txr/m/it --> OT1/txr/bx/it on input line 31.
LaTeX Font Info:    Redeclaring math alphabet \mathsf on input line 40.
LaTeX Font Info:    Overwriting math alphabet `\mathsf' in version `normal'
(Font)                  OT1/cmss/m/n --> OT1/txss/m/n on input line 40.
LaTeX Font Info:    Overwriting math alphabet `\mathsf' in version `bold'
(Font)                  OT1/cmss/bx/n --> OT1/txss/m/n on input line 40.
LaTeX Font Info:    Overwriting math alphabet `\mathsf' in version `bold'
(Font)                  OT1/txss/m/n --> OT1/txss/b/n on input line 41.
LaTeX Font Info:    Redeclaring math alphabet \mathtt on input line 50.
LaTeX Font Info:    Overwriting math alphabet `\mathtt' in version `normal'
(Font)                  OT1/cmtt/m/n --> OT1/txtt/m/n on input line 50.
LaTeX Font Info:    Overwriting math alphabet `\mathtt' in version `bold'
(Font)                  OT1/cmtt/m/n --> OT1/txtt/m/n on input line 50.
LaTeX Font Info:    Overwriting math alphabet `\mathtt' in version `bold'
(Font)                  OT1/txtt/m/n --> OT1/txtt/b/n on input line 51.
LaTeX Font Info:    Redeclaring symbol font `letters' on input line 58.
LaTeX Font Info:    Overwriting symbol font `letters' in version `normal'
(Font)                  OML/cmm/m/it --> OML/txmi/m/it on input line 58.
LaTeX Font Info:    Overwriting symbol font `letters' in version `bold'
(Font)                  OML/cmm/b/it --> OML/txmi/m/it on input line 58.
LaTeX Font Info:    Overwriting symbol font `letters' in version `bold'
(Font)                  OML/txmi/m/it --> OML/txmi/bx/it on input line 59.
\symlettersA=\mathgroup7
LaTeX Font Info:    Overwriting symbol font `lettersA' in version `bold'
(Font)                  U/txmia/m/it --> U/txmia/bx/it on input line 67.
LaTeX Font Info:    Redeclaring math alphabet \mathfrak on input line 70.
LaTeX Font Info:    Redeclaring symbol font `symbols' on input line 77.
LaTeX Font Info:    Overwriting symbol font `symbols' in version `normal'
(Font)                  OMS/cmsy/m/n --> OMS/txsy/m/n on input line 77.
LaTeX Font Info:    Overwriting symbol font `symbols' in version `bold'
(Font)                  OMS/cmsy/b/n --> OMS/txsy/m/n on input line 77.
LaTeX Font Info:    Overwriting symbol font `symbols' in version `bold'
(Font)                  OMS/txsy/m/n --> OMS/txsy/bx/n on input line 78.
LaTeX Font Info:    Redeclaring symbol font `AMSa' on input line 93.
LaTeX Font Info:    Overwriting symbol font `AMSa' in version `normal'
(Font)                  U/msa/m/n --> U/txsya/m/n on input line 93.
LaTeX Font Info:    Overwriting symbol font `AMSa' in version `bold'
(Font)                  U/msa/m/n --> U/txsya/m/n on input line 93.
LaTeX Font Info:    Overwriting symbol font `AMSa' in version `bold'
(Font)                  U/txsya/m/n --> U/txsya/bx/n on input line 94.
LaTeX Font Info:    Redeclaring symbol font `AMSb' on input line 102.
LaTeX Font Info:    Overwriting symbol font `AMSb' in version `normal'
(Font)                  U/msb/m/n --> U/txsyb/m/n on input line 102.
LaTeX Font Info:    Overwriting symbol font `AMSb' in version `bold'
(Font)                  U/msb/m/n --> U/txsyb/m/n on input line 102.
LaTeX Font Info:    Overwriting symbol font `AMSb' in version `bold'
(Font)                  U/txsyb/m/n --> U/txsyb/bx/n on input line 103.
\symsymbolsC=\mathgroup8
LaTeX Font Info:    Overwriting symbol font `symbolsC' in version `bold'
(Font)                  U/txsyc/m/n --> U/txsyc/bx/n on input line 113.
LaTeX Font Info:    Redeclaring symbol font `largesymbols' on input line 120.
LaTeX Font Info:    Overwriting symbol font `largesymbols' in version `normal'
(Font)                  OMX/cmex/m/n --> OMX/txex/m/n on input line 120.
LaTeX Font Info:    Overwriting symbol font `largesymbols' in version `bold'
(Font)                  OMX/cmex/m/n --> OMX/txex/m/n on input line 120.
LaTeX Font Info:    Overwriting symbol font `largesymbols' in version `bold'
(Font)                  OMX/txex/m/n --> OMX/txex/bx/n on input line 121.
\symlargesymbolsA=\mathgroup9
LaTeX Font Info:    Overwriting symbol font `largesymbolsA' in version `bold'
(Font)                  U/txexa/m/n --> U/txexa/bx/n on input line 129.
LaTeX Info: Redefining \not on input line 1043.
)
(/usr/local/texlive/2009/texmf-dist/tex/latex/graphics/graphicx.sty
Package: graphicx 1999/02/16 v1.0f Enhanced LaTeX Graphics (DPC,SPQR)

(/usr/local/texlive/2009/texmf-dist/tex/latex/graphics/keyval.sty
Package: keyval 1999/03/16 v1.13 key=value parser (DPC)
\KV@toks@=\toks19
)
(/usr/local/texlive/2009/texmf-dist/tex/latex/graphics/graphics.sty
Package: graphics 2009/02/05 v1.0o Standard LaTeX Graphics (DPC,SPQR)

(/usr/local/texlive/2009/texmf-dist/tex/latex/graphics/trig.sty
Package: trig 1999/03/16 v1.09 sin cos tan (DPC)
)
(/usr/local/texlive/2009/texmf-dist/tex/latex/latexconfig/graphics.cfg
File: graphics.cfg 2009/08/28 v1.8 graphics configuration of TeX Live
)
Package graphics Info: Driver file: xetex.def on input line 91.

(/usr/local/texlive/2009/texmf-dist/tex/xelatex/xetex-def/xetex.def
File: xetex.def 2009/11/22 v0.94 LaTeX color/graphics driver for XeTeX (RRM/JK)

))
\Gin@req@height=\dimen114
\Gin@req@width=\dimen115
)
(/usr/local/texlive/2009/texmf-dist/tex/latex/subfig/subfig.sty
Package: subfig 2005/06/28 ver: 1.3 subfig package

(/usr/local/texlive/2009/texmf-dist/tex/latex/caption/caption.sty
Package: caption 2010/01/09 v3.1m Customizing captions (AR)

(/usr/local/texlive/2009/texmf-dist/tex/latex/caption/caption3.sty
Package: caption3 2010/01/14 v3.1m caption3 kernel (AR)
\captionmargin=\dimen116
\captionmargin@=\dimen117
\captionwidth=\dimen118
\caption@indent=\dimen119
\caption@parindent=\dimen120
\caption@hangindent=\dimen121
)
\c@ContinuedFloat=\count104
)
\c@KVtest=\count105
\sf@farskip=\skip49
\sf@captopadj=\dimen122
\sf@capskip=\skip50
\sf@nearskip=\skip51


Package subfig Warning: Configuration file subfig.cfg not found on input line 2
97.

\c@subfigure=\count106
\c@subfigure@save=\count107
\c@lofdepth=\count108
\c@subtable=\count109
\c@subtable@save=\count110
\c@lotdepth=\count111
\sf@top=\skip52
\sf@bottom=\skip53
) (/usr/local/texlive/2009/texmf-dist/tex/latex/tools/indentfirst.sty
Package: indentfirst 1995/11/23 v1.03 Indent first paragraph (DPC)
)
(/usr/local/texlive/2009/texmf-dist/tex/latex/paralist/paralist.sty
Package: paralist 2002/03/18 v2.3b Extended list environments (BS)
\pltopsep=\skip54
\plpartopsep=\skip55
\plitemsep=\skip56
\plparsep=\skip57
\pl@lab=\toks20
)
(/usr/local/texlive/2009/texmf-dist/tex/xelatex/xunicode/xunicode.sty
File: xunicode.sty 2008/02/08 v0.91 provides access to latin accents and many o
ther characters in Unicode lower plane
)
(/usr/local/texlive/2009/texmf-dist/tex/xelatex/xltxtra/xltxtra.sty
Package: xltxtra 2009/12/26 v0.5b Improvements for the "XeLaTeX" format

(/usr/local/texlive/2009/texmf-dist/tex/xelatex/fontspec/fontspec.sty
Package: fontspec 2008/08/09 v1.18 Advanced font selection for XeLaTeX
\c@zf@newff=\count112
\c@zf@index=\count113
\c@zf@script=\count114
\c@zf@language=\count115

(/usr/local/texlive/2009/texmf-dist/tex/latex/xkeyval/xkeyval.sty
Package: xkeyval 2008/08/13 v2.6a package option processing (HA)

(/usr/local/texlive/2009/texmf-dist/tex/generic/xkeyval/xkeyval.tex
\XKV@toks=\toks21
\XKV@tempa@toks=\toks22
\XKV@depth=\count116
File: xkeyval.tex 2008/08/13 v2.6a key=value parser (HA)
))
(/usr/local/texlive/2009/texmf-dist/tex/latex/base/fontenc.sty
Package: fontenc 2005/09/27 v1.99g Standard LaTeX package

(/usr/local/texlive/2009/texmf-dist/tex/latex/euenc/eu1enc.def
File: eu1enc.def 2010/01/28 v0.1f Experimental Unicode font encodings
)
LaTeX Font Info:    Try loading font information for EU1+lmr on input line 100.


(/usr/local/texlive/2009/texmf-dist/tex/latex/euenc/eu1lmr.fd
File: eu1lmr.fd 2009/10/30 v1.6 Font defs for Latin Modern
))
LaTeX Info: Redefining \itshape on input line 1163.
LaTeX Info: Redefining \slshape on input line 1166.
LaTeX Info: Redefining \scshape on input line 1169.
LaTeX Info: Redefining \upshape on input line 1172.

fontspec.cfg loaded.
(/usr/local/texlive/2009/texmf-dist/tex/xelatex/fontspec/fontspec.cfg))
(/usr/local/texlive/2009/texmf-dist/tex/latex/metalogo/metalogo.sty
Package: metalogo 2009/09/04 v0.11 Extended TeX logo macros
\xl@everylogo=\toks23
\xl@@everylogo=\toks24
LaTeX Info: Redefining \TeX on input line 193.
LaTeX Info: Redefining \LaTeX on input line 202.
LaTeX Info: Redefining \LaTeXe on input line 219.
)
(/usr/local/texlive/2009/texmf-dist/tex/latex/etex-pkg/etex.sty
Package: etex 1998/03/26 v2.0 eTeX basic definition package (PEB)
\et@xins=\count117
)
(/usr/local/texlive/2009/texmf-dist/tex/latex/base/fixltx2e.sty
Package: fixltx2e 2006/09/13 v1.1m fixes to LaTeX
LaTeX Info: Redefining \em on input line 420.
LaTeX Info: The control sequence `\[' is already robust on input line 471.
LaTeX Info: The control sequence `\]' is already robust on input line 472.
)
LaTeX Info: Redefining \em on input line 51.
LaTeX Info: Redefining \emph on input line 60.
LaTeX Info: Redefining \- on input line 65.
LaTeX Info: Redefining \textsubscript on input line 84.
LaTeX Info: Redefining \textsuperscript on input line 86.
\xxt@tempbox=\box28
)
(/usr/local/texlive/2009/texmf-dist/tex/xelatex/xecjk/xeCJK.sty
Package: xeCJK 2009/09/30 2.3.10
\xeCJK@cnta=\count118
\xeCJK@cntb=\count119
\xeCJK@cntc=\count120
\xeCJK@cntd=\count121
\xeCJK@cnte=\count122
\xeCJK@dima=\dimen123
LaTeX Info: Redefining \rmfamily on input line 762.
LaTeX Info: Redefining \sffamily on input line 766.
LaTeX Info: Redefining \ttfamily on input line 770.
\xeCJK@featureadded=\count123

(/usr/local/texlive/2009/texmf-dist/tex/latex/cjk/texinput/CJKnumb.sty
Package: CJKnumb 2008/12/29 4.8.2
\CJK@q=\count124
\CJK@r=\count125
))
\c@zf@famc@Adobe Song Std=\count126
Package fontspec Info: Defining font family for 'Adobe Song Std'with options [M
apping=tex-text,BoldFont={Adobe Heiti Std}, ItalicFont={Adobe Kaiti Std}] on in
put line 101.
Package fontspec Info: Could not resolve font Adobe Heiti Std/I (it might not e
xist) on input line 101.
LaTeX Info: Redefining \xeCJK@font@rm on input line 101.
\c@zf@famc@Adobe Heiti Std=\count127
Package fontspec Info: Defining font family for 'Adobe Heiti Std'with options [
Mapping=tex-text,] on input line 102.
Package fontspec Info: Could not resolve font Adobe Heiti Std/B (it might not e
xist) on input line 102.
Package fontspec Info: Could not resolve font Adobe Heiti Std/I (it might not e
xist) on input line 102.
Package fontspec Info: Could not resolve font Adobe Heiti Std/BI (it might not 
exist) on input line 102.
\c@zf@famc@Adobe Kaiti Std=\count128
Package fontspec Info: Defining font family for 'Adobe Kaiti Std'with options [
Mapping=tex-text,] on input line 103.
Package fontspec Info: Could not resolve font Adobe Kaiti Std/B (it might not e
xist) on input line 103.
Package fontspec Info: Could not resolve font Adobe Kaiti Std/I (it might not e
xist) on input line 103.
Package fontspec Info: Could not resolve font Adobe Kaiti Std/BI (it might not 
exist) on input line 103.
Package fontspec Info: Defining font family for 'Adobe Song Std'with options [M
apping=tex-text,] on input line 104.
Package fontspec Info: Could not resolve font Adobe Song Std/B (it might not ex
ist) on input line 104.
Package fontspec Info: Could not resolve font Adobe Song Std/I (it might not ex
ist) on input line 104.
Package fontspec Info: Could not resolve font Adobe Song Std/BI (it might not e
xist) on input line 104.
\c@zf@famc@Adobe Fangsong Std=\count129
Package fontspec Info: Defining font family for 'Adobe Fangsong Std'with option
s [Mapping=tex-text,] on input line 106.
Package fontspec Info: Could not resolve font Adobe Fangsong Std/B (it might no
t exist) on input line 106.
Package fontspec Info: Could not resolve font Adobe Fangsong Std/I (it might no
t exist) on input line 106.
Package fontspec Info: Could not resolve font Adobe Fangsong Std/BI (it might n
ot exist) on input line 106.
\c@zf@famc@Times New Roman=\count130
Package fontspec Info: Defining font family for 'Times New Roman'with options [
Mapping=tex-text,] on input line 111.
\c@zf@famc@Arial=\count131
Package fontspec Info: Defining font family for 'Arial'with options [Mapping=te
x-text,] on input line 112.
\c@zf@famc@Courier New=\count132
Package fontspec Info: Defining font family for 'Courier New'with options [Mapp
ing=tex-text,] on input line 113.

(/usr/local/texlive/2009/texmf-dist/tex/latex/ntheorem/ntheorem.sty
Style `ntheorem', Version 1.25 <2005/07/07>
Package: ntheorem 2005/07/07 1.25
\theorem@style=\toks25
\theorem@@style=\toks26
\theorembodyfont=\toks27
\theoremnumbering=\toks28
\theorempreskipamount=\skip58
\theorempostskipamount=\skip59
\theoremindent=\dimen124
\theorem@indent=\dimen125
\theoremheaderfont=\toks29
\theoremseparator=\toks30
\theoremprework=\toks31
\theorempostwork=\toks32
\theoremsymbol=\toks33
\qedsymbol=\toks34
\theoremkeyword=\toks35
\qedsymbol=\toks36
\thm@topsepadd=\skip60
Package ntheorem Info: Option `thmmarks' loaded on input line 1029.
\c@endNonectr=\count133
\c@currNonectr=\count134
\mysavskip=\skip61
Package ntheorem Info: option `amsmath' handling for `thmmarks' loaded on input
 line 1029.
\thm@amstmpdepth=\dimen126
) (/usr/local/texlive/2009/texmf-dist/tex/latex/tools/array.sty
Package: array 2008/09/09 v2.4c Tabular extension package (FMi)
\col@sep=\dimen127
\extrarowheight=\dimen128
\NC@list=\toks37
\extratabsurround=\skip62
\backup@length=\skip63
)
(/usr/local/texlive/2009/texmf-dist/tex/latex/tools/longtable.sty
Package: longtable 2004/02/01 v4.11 Multi-page Table package (DPC)
\LTleft=\skip64
\LTright=\skip65
\LTpre=\skip66
\LTpost=\skip67
\LTchunksize=\count135
\LTcapwidth=\dimen129
\LT@head=\box29
\LT@firsthead=\box30
\LT@foot=\box31
\LT@lastfoot=\box32
\LT@cols=\count136
\LT@rows=\count137
\c@LT@tables=\count138
\c@LT@chunks=\count139
\LT@p@ftn=\toks38
)
(/usr/local/texlive/2009/texmf-dist/tex/latex/booktabs/booktabs.sty
Package: booktabs 2005/04/14 v1.61803 publication quality tables
\heavyrulewidth=\dimen130
\lightrulewidth=\dimen131
\cmidrulewidth=\dimen132
\belowrulesep=\dimen133
\belowbottomsep=\dimen134
\aboverulesep=\dimen135
\abovetopsep=\dimen136
\cmidrulesep=\dimen137
\cmidrulekern=\dimen138
\defaultaddspace=\dimen139
\@cmidla=\count140
\@cmidlb=\count141
\@aboverulesep=\dimen140
\@belowrulesep=\dimen141
\@thisruleclass=\count142
\@lastruleclass=\count143
\@thisrulewidth=\dimen142
)
(/usr/local/texlive/2009/texmf-dist/tex/latex/natbib/natbib.sty
Package: natbib 2009/11/07 8.31a (PWD, AO)
\bibhang=\skip68
\bibsep=\skip69
LaTeX Info: Redefining \cite on input line 694.
\c@NAT@ctr=\count144
)
(/usr/local/texlive/2009/texmf-dist/tex/latex/hyperref/hyperref.sty
Package: hyperref 2010/05/04 v6.81a Hypertext links for LaTeX

(/usr/local/texlive/2009/texmf-dist/tex/generic/oberdiek/ltxcmds.sty
Package: ltxcmds 2010/04/26 v1.7 LaTeX kernel commands for general use (HO)
)
(/usr/local/texlive/2009/texmf-dist/tex/generic/oberdiek/kvsetkeys.sty
Package: kvsetkeys 2010/03/01 v1.9 Key value parser (HO)

(/usr/local/texlive/2009/texmf-dist/tex/generic/oberdiek/infwarerr.sty
Package: infwarerr 2010/04/08 v1.3 Providing info/warning/message (HO)
)
(/usr/local/texlive/2009/texmf-dist/tex/generic/oberdiek/etexcmds.sty
Package: etexcmds 2010/01/28 v1.3 Prefix for e-TeX command names (HO)
Package etexcmds Info: Could not find \expanded.
(etexcmds)             That can mean that you are not using pdfTeX 1.50 or
(etexcmds)             that some package has redefined \expanded.
(etexcmds)             In the latter case, load this package earlier.
))
(/usr/local/texlive/2009/texmf-dist/tex/generic/oberdiek/pdfescape.sty
Package: pdfescape 2010/03/01 v1.9 Provides hex, PDF name and string conversion
s (HO)

(/usr/local/texlive/2009/texmf-dist/tex/generic/oberdiek/pdftexcmds.sty
Package: pdftexcmds 2010/04/01 v0.9 Utility functions of pdfTeX for LuaTeX (HO)


(/usr/local/texlive/2009/texmf-dist/tex/generic/oberdiek/ifluatex.sty
Package: ifluatex 2010/03/01 v1.3 Provides the ifluatex switch (HO)
Package ifluatex Info: LuaTeX not detected.
)
Package pdftexcmds Info: LuaTeX not detected.
Package pdftexcmds Info: pdfTeX >= 1.30 not detected.
Package pdftexcmds Info: \pdf@primitive is available.
Package pdftexcmds Info: \pdf@ifprimitive is available.
))
(/usr/local/texlive/2009/texmf-dist/tex/generic/oberdiek/ifvtex.sty
Package: ifvtex 2010/03/01 v1.5 Switches for detecting VTeX and its modes (HO)
Package ifvtex Info: VTeX not detected.
)
(/usr/local/texlive/2009/texmf-dist/tex/latex/oberdiek/hycolor.sty
Package: hycolor 2009/12/12 v1.6 Color options of hyperref/bookmark (HO)

(/usr/local/texlive/2009/texmf-dist/tex/latex/oberdiek/xcolor-patch.sty
Package: xcolor-patch 2009/12/12 xcolor patch
))
(/usr/local/texlive/2009/texmf-dist/tex/latex/oberdiek/letltxmacro.sty
Package: letltxmacro 2008/06/24 v1.3 Let assignment for LaTeX macros (HO)
)
\@linkdim=\dimen143
\Hy@linkcounter=\count145
\Hy@pagecounter=\count146

(/usr/local/texlive/2009/texmf-dist/tex/latex/hyperref/pd1enc.def
File: pd1enc.def 2010/05/04 v6.81a Hyperref: PDFDocEncoding definition (HO)
)
(/usr/local/texlive/2009/texmf-dist/tex/generic/oberdiek/intcalc.sty
Package: intcalc 2007/09/27 v1.1 Expandable integer calculations (HO)
)
(/usr/local/texlive/2009/texmf-dist/tex/xelatex/xetexconfig/hyperref.cfg
File: hyperref.cfg 2008/07/11 v1.2 hyperref configuration for XeLaTeX
)
(/usr/local/texlive/2009/texmf-dist/tex/latex/oberdiek/kvoptions.sty
Package: kvoptions 2010/02/22 v3.7 Keyval support for LaTeX options (HO)
)
Package hyperref Info: Hyper figures OFF on input line 3639.
Package hyperref Info: Link nesting OFF on input line 3644.
Package hyperref Info: Hyper index ON on input line 3647.
Package hyperref Info: Plain pages OFF on input line 3654.
Package hyperref Info: Backreferencing OFF on input line 3659.

Implicit mode ON; LaTeX internals redefined
Package hyperref Info: Bookmarks ON on input line 3855.
(/usr/local/texlive/2009/texmf-dist/tex/latex/url/url.sty
\Urlmuskip=\muskip11
Package: url 2006/04/12  ver 3.3  Verb mode for urls, etc.
)
LaTeX Info: Redefining \url on input line 4140.

(/usr/local/texlive/2009/texmf-dist/tex/generic/oberdiek/bitset.sty
Package: bitset 2007/09/28 v1.0 Data type bit set (HO)

(/usr/local/texlive/2009/texmf-dist/tex/generic/oberdiek/bigintcalc.sty
Package: bigintcalc 2007/11/11 v1.1 Expandable big integer calculations (HO)
))
\Fld@menulength=\count147
\Field@Width=\dimen144
\Fld@charsize=\dimen145
\Field@toks=\toks39
Package hyperref Info: Hyper figures OFF on input line 5118.
Package hyperref Info: Link nesting OFF on input line 5123.
Package hyperref Info: Hyper index ON on input line 5126.
Package hyperref Info: backreferencing OFF on input line 5133.
Package hyperref Info: Link coloring OFF on input line 5138.
Package hyperref Info: Link coloring with OCG OFF on input line 5143.
Package hyperref Info: PDF/A mode OFF on input line 5148.
LaTeX Info: Redefining \ref on input line 5188.
LaTeX Info: Redefining \pageref on input line 5192.

(/usr/local/texlive/2009/texmf-dist/tex/generic/oberdiek/atbegshi.sty
Package: atbegshi 2010/03/25 v1.12 At begin shipout hook (HO)
)
\Hy@abspage=\count148
\c@Item=\count149
\c@Hfootnote=\count150
)
* hyperref using default driver hxetex *
(/usr/local/texlive/2009/texmf-dist/tex/latex/hyperref/hxetex.def
File: hxetex.def 2010/05/04 v6.81a Hyperref driver for XeTeX

(/usr/local/texlive/2009/texmf-dist/tex/latex/hyperref/puenc.def
File: puenc.def 2010/05/04 v6.81a Hyperref: PDF Unicode definition (HO)
)
(/usr/local/texlive/2009/texmf-dist/tex/generic/oberdiek/stringenc.sty
Package: stringenc 2010/03/01 v1.8 Converts strings between encodings (HO)
)
\pdfm@box=\box33
\c@Hy@AnnotLevel=\count151
\HyField@AnnotCount=\count152
\Fld@listcount=\count153
\c@bookmark@seq@number=\count154

(/usr/local/texlive/2009/texmf-dist/tex/latex/oberdiek/rerunfilecheck.sty
Package: rerunfilecheck 2010/03/16 v1.6 Rerun checks for auxiliary files (HO)
Package rerunfilecheck Info: Feature \pdfmdfivesum is not available
(rerunfilecheck)             (e.g. pdfTeX or LuaTeX with package `pdftexcmds').

(rerunfilecheck)             Therefore file contents cannot be checked efficien
tly
(rerunfilecheck)             and the loading of the package is aborted.
)
\Hy@SectionHShift=\skip70
)
Package hyperref Info: Option `CJKbookmarks' set `true' on input line 142.
Package hyperref Info: Option `bookmarksnumbered' set `true' on input line 156.

Package hyperref Info: Option `bookmarksopen' set `true' on input line 156.
Package hyperref Info: Option `breaklinks' set `true' on input line 156.
Package hyperref Info: Option `colorlinks' set `false' on input line 156.
Package hyperref Info: Option `plainpages' set `false' on input line 156.


Package hyperref Warning: Option `pdfpagelabels' has already been used,
(hyperref)                setting the option has no effect on input line 156.

(/usr/local/texlive/2009/texmf-dist/tex/latex/hypernat/hypernat.sty
Invalid UTF-8 byte or sequence at line 22 replaced by U+FFFD.
Invalid UTF-8 byte or sequence at line 24 replaced by U+FFFD.
Package: hypernat 2001/07/09 v1.0b hyperref and natbib compatibility (jb)
)
\thu@linespace=\skip71
\CJK@twochars=\skip72
\c@pcabs@footnote=\count155
\c@thu@bookmark=\count156
\thu@title@width=\skip73
)
(/usr/local/texlive/2009/texmf-dist/tex/latex/thuthesis/thuthesis.cfg
File: thuthesis.cfg 2008/02/28 4.5.1 Tsinghua University Thesis Template
\c@currproofctr=\count157
\c@endproofctr=\count158
\c@proof=\count159
\c@currassumptionctr=\count160
\c@endassumptionctr=\count161
\c@assumption=\count162
\c@currdefinitionctr=\count163
\c@enddefinitionctr=\count164
\c@definition=\count165
\c@currpropositionctr=\count166
\c@endpropositionctr=\count167
\c@proposition=\count168
\c@currlemmactr=\count169
\c@endlemmactr=\count170
\c@lemma=\count171
\c@currtheoremctr=\count172
\c@endtheoremctr=\count173
\c@theorem=\count174
\c@curraxiomctr=\count175
\c@endaxiomctr=\count176
\c@axiom=\count177
\c@currcorollaryctr=\count178
\c@endcorollaryctr=\count179
\c@corollary=\count180
\c@currexercisectr=\count181
\c@endexercisectr=\count182
\c@exercise=\count183
\c@currexamplectr=\count184
\c@endexamplectr=\count185
\c@example=\count186
\c@currremarkctr=\count187
\c@endremarkctr=\count188
\c@remark=\count189
\c@currproblemctr=\count190
\c@endproblemctr=\count191
\c@problem=\count192
\c@currconjecturectr=\count193
\c@endconjecturectr=\count194
\c@conjecture=\count195
)
(./thutils.sty
Package: thutils 2007/11/30 4.1 put any packages you would like to use here

(/usr/local/texlive/2009/texmf-dist/tex/latex/multirow/multirow.sty
\bigstrutjot=\dimen146
)
(/usr/local/texlive/2009/texmf-dist/tex/latex/tools/tabularx.sty
Package: tabularx 1999/01/07 v2.07 `tabularx' package (DPC)
\TX@col@width=\dimen147
\TX@old@table=\dimen148
\TX@old@col=\dimen149
\TX@target=\dimen150
\TX@delta=\dimen151
\TX@cols=\count196
\TX@ftn=\toks40
)
(/usr/local/texlive/2009/texmf-dist/tex/latex/slashbox/slashbox.sty
slashbox style by K.Yasuoka, May 1993.
\@slashboxa=\box34
\@slashboxb=\box35
\@slashboxc=\box36
\@slashboxwd=\count197
\@slashboxht=\count198
\@slashsepl=\dimen152
\@slashsepr=\dimen153
) (/usr/local/texlive/2009/texmf-dist/tex/latex/float/float.sty
Package: float 2001/11/08 v1.3d Float enhancements (AL)
\c@float@type=\count199
\float@exts=\toks41
\float@box=\box37
\@float@everytoks=\toks42
\@floatcapt=\box38
)) (./main.aux
(./data/chap01.aux) (./data/chap02.aux) (./data/ack.aux) (./data/resume.aux))
\openout1 = `main.aux'.

LaTeX Font Info:    Checking defaults for OML/txmi/m/it on input line 20.
LaTeX Font Info:    Try loading font information for OML+txmi on input line 20.


(/usr/local/texlive/2009/texmf-dist/tex/latex/txfonts/omltxmi.fd
File: omltxmi.fd 2000/12/15 v3.1
)
LaTeX Font Info:    ... okay on input line 20.
LaTeX Font Info:    Checking defaults for T1/cmr/m/n on input line 20.
LaTeX Font Info:    ... okay on input line 20.
LaTeX Font Info:    Checking defaults for OT1/cmr/m/n on input line 20.
LaTeX Font Info:    ... okay on input line 20.
LaTeX Font Info:    Checking defaults for OMS/txsy/m/n on input line 20.
LaTeX Font Info:    Try loading font information for OMS+txsy on input line 20.


(/usr/local/texlive/2009/texmf-dist/tex/latex/txfonts/omstxsy.fd
File: omstxsy.fd 2000/12/15 v3.1
)
LaTeX Font Info:    ... okay on input line 20.
LaTeX Font Info:    Checking defaults for OMX/txex/m/n on input line 20.
LaTeX Font Info:    Try loading font information for OMX+txex on input line 20.


(/usr/local/texlive/2009/texmf-dist/tex/latex/txfonts/omxtxex.fd
File: omxtxex.fd 2000/12/15 v3.1
)
LaTeX Font Info:    ... okay on input line 20.
LaTeX Font Info:    Checking defaults for U/txexa/m/n on input line 20.
LaTeX Font Info:    Try loading font information for U+txexa on input line 20.

(/usr/local/texlive/2009/texmf-dist/tex/latex/txfonts/utxexa.fd
File: utxexa.fd 2000/12/15 v3.1
)
LaTeX Font Info:    ... okay on input line 20.
LaTeX Font Info:    Checking defaults for EU1/lmr/m/n on input line 20.
LaTeX Font Info:    ... okay on input line 20.
LaTeX Font Info:    Checking defaults for PD1/pdf/m/n on input line 20.
LaTeX Font Info:    ... okay on input line 20.
LaTeX Font Info:    Checking defaults for PU/pdf/m/n on input line 20.
LaTeX Font Info:    ... okay on input line 20.
Package caption Info: Begin \AtBeginDocument code.
Package caption3 Info: subfig package 1.2 or 1.3 is loaded.
LaTeX Info: Redefining \subref on input line 20.
Package caption Info: float package is loaded.
Package caption Info: hyperref package is loaded.
Package caption Info: longtable package is loaded.

(/usr/local/texlive/2009/texmf-dist/tex/latex/caption/ltcaption.sty
Package: ltcaption 2008/03/28 v1.2 longtable captions (AR)
)
Package caption Info: End \AtBeginDocument code.
Package fontspec Info: Adjusting the maths setup (use [no-math] to avoid this).
 on input line 20.
\symlegacymaths=\mathgroup10
LaTeX Font Info:    Overwriting symbol font `legacymaths' in version `bold'
(Font)                  OT1/cmr/m/n --> OT1/cmr/bx/n on input line 20.
LaTeX Font Info:    Redeclaring math accent \acute on input line 20.
LaTeX Font Info:    Redeclaring math accent \grave on input line 20.
LaTeX Font Info:    Redeclaring math accent \ddot on input line 20.
LaTeX Font Info:    Redeclaring math accent \tilde on input line 20.
LaTeX Font Info:    Redeclaring math accent \bar on input line 20.
LaTeX Font Info:    Redeclaring math accent \breve on input line 20.
LaTeX Font Info:    Redeclaring math accent \check on input line 20.
LaTeX Font Info:    Redeclaring math accent \hat on input line 20.
LaTeX Font Info:    Redeclaring math accent \dot on input line 20.
LaTeX Font Info:    Redeclaring math accent \mathring on input line 20.
LaTeX Font Info:    Redeclaring math symbol \Gamma on input line 20.
LaTeX Font Info:    Redeclaring math symbol \Delta on input line 20.
LaTeX Font Info:    Redeclaring math symbol \Theta on input line 20.
LaTeX Font Info:    Redeclaring math symbol \Lambda on input line 20.
LaTeX Font Info:    Redeclaring math symbol \Xi on input line 20.
LaTeX Font Info:    Redeclaring math symbol \Pi on input line 20.
LaTeX Font Info:    Redeclaring math symbol \Sigma on input line 20.
LaTeX Font Info:    Redeclaring math symbol \Upsilon on input line 20.
LaTeX Font Info:    Redeclaring math symbol \Phi on input line 20.
LaTeX Font Info:    Redeclaring math symbol \Psi on input line 20.
LaTeX Font Info:    Redeclaring math symbol \Omega on input line 20.
LaTeX Font Info:    Redeclaring math symbol \mathdollar on input line 20.
LaTeX Font Info:    Redeclaring symbol font `operators' on input line 20.
LaTeX Font Info:    Encoding `OT1' has changed to `EU1' for symbol font
(Font)              `operators' in the math version `normal' on input line 20.
LaTeX Font Info:    Overwriting symbol font `operators' in version `normal'
(Font)                  OT1/txr/m/n --> EU1/TimesNewRoman(0)/m/n on input line 
20.
LaTeX Font Info:    Encoding `OT1' has changed to `EU1' for symbol font
(Font)              `operators' in the math version `bold' on input line 20.
LaTeX Font Info:    Overwriting symbol font `operators' in version `bold'
(Font)                  OT1/txr/bx/n --> EU1/TimesNewRoman(0)/m/n on input line
 20.
LaTeX Font Info:    Overwriting symbol font `operators' in version `normal'
(Font)                  EU1/TimesNewRoman(0)/m/n --> EU1/TimesNewRoman(0)/m/n o
n input line 20.
LaTeX Font Info:    Overwriting math alphabet `\mathrm' in version `normal'
(Font)                  EU1/TimesNewRoman(0)/m/n --> EU1/TimesNewRoman(0)/m/n o
n input line 20.
LaTeX Font Info:    Overwriting math alphabet `\mathit' in version `normal'
(Font)                  OT1/txr/m/it --> EU1/TimesNewRoman(0)/m/it on input lin
e 20.
LaTeX Font Info:    Overwriting math alphabet `\mathbf' in version `normal'
(Font)                  OT1/txr/bx/n --> EU1/TimesNewRoman(0)/bx/n on input lin
e 20.
LaTeX Font Info:    Overwriting math alphabet `\mathsf' in version `normal'
(Font)                  OT1/txss/m/n --> EU1/Arial(0)/m/n on input line 20.
LaTeX Font Info:    Overwriting math alphabet `\mathtt' in version `normal'
(Font)                  OT1/txtt/m/n --> EU1/CourierNew(0)/m/n on input line 20
.
LaTeX Font Info:    Overwriting symbol font `operators' in version `bold'
(Font)                  EU1/TimesNewRoman(0)/m/n --> EU1/TimesNewRoman(0)/bx/n 
on input line 20.
LaTeX Font Info:    Overwriting math alphabet `\mathrm' in version `bold'
(Font)                  EU1/TimesNewRoman(0)/m/n --> EU1/TimesNewRoman(0)/bx/n 
on input line 20.
LaTeX Font Info:    Overwriting math alphabet `\mathit' in version `bold'
(Font)                  OT1/txr/bx/it --> EU1/TimesNewRoman(0)/bx/it on input l
ine 20.
LaTeX Font Info:    Overwriting math alphabet `\mathsf' in version `bold'
(Font)                  OT1/txss/b/n --> EU1/Arial(0)/bx/n on input line 20.
LaTeX Font Info:    Overwriting math alphabet `\mathtt' in version `bold'
(Font)                  OT1/txtt/b/n --> EU1/CourierNew(0)/bx/n on input line 2
0.
\AtBeginShipoutBox=\box39
Package hyperref Info: Link coloring OFF on input line 20.

(/usr/local/texlive/2009/texmf-dist/tex/latex/hyperref/nameref.sty
Package: nameref 2010/04/30 v2.40 Cross-referencing by name of section

(/usr/local/texlive/2009/texmf-dist/tex/latex/oberdiek/refcount.sty
Package: refcount 2008/08/11 v3.1 Data extraction from references (HO)
)
(/usr/local/texlive/2009/texmf-dist/tex/generic/oberdiek/gettitlestring.sty
Package: gettitlestring 2009/12/18 v1.3 Cleanup title references (HO)
)
\c@section@level=\count200
)
LaTeX Info: Redefining \ref on input line 20.
LaTeX Info: Redefining \pageref on input line 20.
LaTeX Info: Redefining \nameref on input line 20.

(./main.out) (./main.out)
\@outlinefile=\write3
\openout3 = `main.out'.

 (./data/cover.tex)

Package hyperref Warning: Token not allowed in a PDF string (Unicode):
(hyperref)                removing `\\' on input line 29.

(/usr/local/texlive/2009/texmf-dist/tex/generic/oberdiek/se-ascii-print.def
File: se-ascii-print.def 2010/03/01 v1.8 stringenc: Printable ASCII characters
)
LaTeX Font Info:    Calculating math sizes for size <26.09749> on input line 29
.
LaTeX Font Info:    Try loading font information for U+txsya on input line 29.

(/usr/local/texlive/2009/texmf-dist/tex/latex/txfonts/utxsya.fd
File: utxsya.fd 2000/12/15 v3.1
)
LaTeX Font Info:    Try loading font information for U+txsyb on input line 29.

(/usr/local/texlive/2009/texmf-dist/tex/latex/txfonts/utxsyb.fd
File: utxsyb.fd 2000/12/15 v3.1
)
LaTeX Font Info:    Try loading font information for OT1+txr on input line 29.

(/usr/local/texlive/2009/texmf-dist/tex/latex/txfonts/ot1txr.fd
File: ot1txr.fd 2000/12/15 v3.1
)
LaTeX Font Info:    Try loading font information for U+txmia on input line 29.

(/usr/local/texlive/2009/texmf-dist/tex/latex/txfonts/utxmia.fd
File: utxmia.fd 2000/12/15 v3.1
)
LaTeX Font Info:    Try loading font information for U+txsyc on input line 29.

(/usr/local/texlive/2009/texmf-dist/tex/latex/txfonts/utxsyc.fd
File: utxsyc.fd 2000/12/15 v3.1
)
LaTeX Font Info:    Font shape `OT1/cmr/m/n' in size <26.09749> not available
(Font)              size <24.88> substituted on input line 29.
LaTeX Font Info:    Font shape `OT1/cmr/m/n' in size <18.26816> not available
(Font)              size <17.28> substituted on input line 29.
LaTeX Font Info:    Font shape `OT1/cmr/m/n' in size <13.04874> not available
(Font)              size <12> substituted on input line 29.
LaTeX Font Info:    Calculating math sizes for size <16.06> on input line 29.
LaTeX Font Info:    Font shape `OT1/cmr/m/n' in size <16.06> not available
(Font)              size <17.28> substituted on input line 29.

Underfull \hbox (badness 10000) detected at line 29
\fs/m/n/16.06 系 别
 []


Underfull \hbox (badness 10000) detected at line 29
\fs/m/n/16.06 专 业
 []


Underfull \hbox (badness 10000) detected at line 29
\fs/m/n/16.06 姓 名
 []

[1




] [2


]
LaTeX Font Info:    Calculating math sizes for size <12.045> on input line 29.
LaTeX Font Info:    Font shape `OT1/cmr/m/n' in size <8.43146> not available
(Font)              size <8> substituted on input line 29.
 [3] [4


]
LaTeX Font Info:    Font shape `EU1/TimesNewRoman(0)/m/sc' undefined
(Font)              using `EU1/TimesNewRoman(0)/m/n' instead on input line 29.
LaTeX Font Info:    Try loading font information for OMS+TimesNewRoman(0) on in
put line 29.
LaTeX Font Info:    No file OMSTimesNewRoman(0).fd. on input line 29.
LaTeX Font Info:    Font shape `OMS/TimesNewRoman(0)/m/n' undefined
(Font)              using `OMS/txsy/m/n' instead
(Font)              for symbol `textbullet' on input line 29.
 [1


] [2


] (./main.toc [3


])
\tf@toc=\write4
\openout4 = `main.toc'.

 (./data/denotation.tex [4] [5


])
[6]
\openout2 = `data/chap01.aux'.

 (./data/chap01.tex [1



]
LaTeX Font Info:    Calculating math sizes for size <11.04124> on input line 86
.
LaTeX Font Info:    Font shape `OT1/cmr/m/n' in size <5.52061> not available
(Font)              size <6> substituted on input line 86.

Overfull \hbox (32.32611pt too wide) in alignment at lines 86--96
[][] 
 []

[2] [3]
Overfull \hbox (2.00749pt too wide) in paragraph at lines 151--171
$[]$ $[]$ 
 []

[4]
Underfull \hbox (badness 10000) in paragraph at lines 215--215
[]|\EU1/TimesNewRoman(0)/m/n/11.04124 Waxman
 []


Overfull \hbox (0.84499pt too wide) in paragraph at lines 212--224
 [][] 
 []

[5] [6]
Underfull \hbox (badness 10000) in paragraph at lines 330--335

 []

[7]
Package hyperref Info: bookmark level for unknown assumption defaults to 0 on i
nput line 347.
Package hyperref Info: bookmark level for unknown equation defaults to 0 on inp
ut line 351.
Package hyperref Info: bookmark level for unknown definition defaults to 0 on i
nput line 359.
Package hyperref Info: bookmark level for unknown proposition defaults to 0 on 
input line 369.
Package hyperref Info: bookmark level for unknown remark defaults to 0 on input
 line 377.
 [8]
Package hyperref Info: bookmark level for unknown axiom defaults to 0 on input 
line 398.
Package hyperref Info: bookmark level for unknown lemma defaults to 0 on input 
line 414.
Package hyperref Info: bookmark level for unknown theorem defaults to 0 on inpu
t line 427.
 [9]
Package hyperref Info: bookmark level for unknown proof defaults to 0 on input 
line 443.
Package hyperref Info: bookmark level for unknown corollary defaults to 0 on in
put line 454.
Package hyperref Info: bookmark level for unknown example defaults to 0 on inpu
t line 471.
LaTeX Font Info:    Font shape `OT1/cmr/bx/n' in size <8.43146> not available
(Font)              size <8> substituted on input line 475.
Package hyperref Info: bookmark level for unknown exercise defaults to 0 on inp
ut line 483.
Package hyperref Info: bookmark level for unknown conjecture defaults to 0 on i
nput line 486.
Package hyperref Info: bookmark level for unknown problem defaults to 0 on inpu
t line 492.
 [10]

Package natbib Warning: Citation `tex' on page 11 undefined on input line 507.


Package natbib Warning: Citation `companion' on page 11 undefined on input line
 507.


Package natbib Warning: Citation `ColdSources' on page 11 undefined on input li
ne 507.


Package natbib Warning: Citation `Krasnogor2004e' on page 11 undefined on input
 line 508.


Package natbib Warning: Citation `clzs' on page 11 undefined on input line 508.



Package natbib Warning: Citation `zjsw' on page 11 undefined on input line 508.



Package natbib Warning: Citation `ELIDRISSI94' on page 11 undefined on input li
ne 509.


Package natbib Warning: Citation `MELLINGER96' on page 11 undefined on input li
ne 509.


Package natbib Warning: Citation `SHELL02' on page 11 undefined on input line 5
09.


Package natbib Warning: Citation `zhubajie' on page 11 undefined on input line 
509.


Package natbib Warning: Citation `metamori2004' on page 11 undefined on input l
ine 509.


Package natbib Warning: Citation `shaheshang' on page 11 undefined on input lin
e 510.


Package natbib Warning: Citation `FistSystem01' on page 11 undefined on input l
ine 510.


Package natbib Warning: Citation `IEEE-1363' on page 11 undefined on input line
 510.


Package natbib Warning: Citation `DPMG' on page 11 undefined on input line 510.



Package natbib Warning: Citation `kocher99' on page 11 undefined on input line 
510.


Package natbib Warning: Citation `NPB2' on page 11 undefined on input line 510.



Package natbib Warning: Citation `cnarticle' on page 11 undefined on input line
 511.


Package natbib Warning: Citation `cnproceed' on page 11 undefined on input line
 512.


Package natbib Warning: Citation `shaheshang' on page 11 undefined on input lin
e 515.

[11]
LaTeX Font Info:    Calculating math sizes for size <9.03374> on input line 547
.
LaTeX Font Info:    Font shape `OT1/cmr/bx/n' in size <4.51686> not available
(Font)              size <5> substituted on input line 547.
) [12]
\openout2 = `data/chap02.aux'.

 (./data/chap02.tex
LaTeX Font Info:    Font shape `OT1/cmr/m/n' in size <4.51686> not available
(Font)              size <5> substituted on input line 37.
File: figures/hello.pdf Graphic file (type QTm)
 <use  "figures/hello.pdf" > [13



]
File: figures/thu-fig-logo.pdf Graphic file (type QTm)

<use  "figures/thu-fig-logo.pdf" >
File: figures/thu-text-logo.pdf Graphic file (type QTm)
 <use  "figures/thu-text-logo.pdf" > [14]
File: figures/thu-whole-logo.pdf Graphic file (type QTm)

<use  "figures/thu-whole-logo.pdf" >
File: figures/thu-whole-logo.pdf Graphic file (type QTm)
 <use  "figures/thu-whole-logo.pdf" >)
[15] (./main.lof)
\tf@lof=\write5
\openout5 = `main.lof'.

 [16




] (./main.lot)
\tf@lot=\write6
\openout6 = `main.lot'.

 [17


] (./main.loe
Overfull \hbox (2.13014pt too wide) detected at line 9
\song/m/n/12.045 公 式 \EU1/TimesNewRoman(0)/m/sc/12.045 1-9a 
 []


Overfull \hbox (2.8065pt too wide) detected at line 10
\song/m/n/12.045 公 式 \EU1/TimesNewRoman(0)/m/sc/12.045 1-9b 
 []


Overfull \hbox (2.8065pt too wide) detected at line 11
\song/m/n/12.045 公 式 \EU1/TimesNewRoman(0)/m/sc/12.045 1-10 
 []


Overfull \hbox (2.35951pt too wide) detected at line 12
\song/m/n/12.045 公 式 \EU1/TimesNewRoman(0)/m/sc/12.045 1-11 
 []


Overfull \hbox (2.8065pt too wide) detected at line 13
\song/m/n/12.045 公 式 \EU1/TimesNewRoman(0)/m/sc/12.045 1-12 
 []


Overfull \hbox (2.8065pt too wide) detected at line 14
\song/m/n/12.045 公 式 \EU1/TimesNewRoman(0)/m/sc/12.045 1-13 
 []


Overfull \hbox (2.8065pt too wide) detected at line 15
\song/m/n/12.045 公 式 \EU1/TimesNewRoman(0)/m/sc/12.045 1-14 
 []


Overfull \hbox (2.8065pt too wide) detected at line 16
\song/m/n/12.045 公 式 \EU1/TimesNewRoman(0)/m/sc/12.045 1-15 
 []

)
\tf@loe=\write7
\openout7 = `main.loe'.


No file main.bbl.
[18


]
\openout2 = `data/ack.aux'.

 (./data/ack.tex [19



]) [20


] (./data/appendix01.tex
\c@currmpdefctr=\count201
\c@endmpdefctr=\count202
\c@mpdef=\count203
Package hyperref Info: bookmark level for unknown mpdef defaults to 0 on input 
line 37.
\c@currmpdefopctr=\count204
\c@endmpdefopctr=\count205
Package hyperref Info: bookmark level for unknown mpdefop defaults to 0 on inpu
t line 49.
 [21


]
Underfull \hbox (badness 10000) in paragraph at lines 103--103
[]|\EU1/TimesNewRoman(0)/m/sc/11.04124 Waxman
 []


Overfull \hbox (0.84499pt too wide) in paragraph at lines 100--112
 [][] 
 []

[22]
File: figures/thu-lib-logo.pdf Graphic file (type QTm)
 <use  "figures/thu-lib-logo.pdf" >

Package xetex.def Warning: No clipping support in XeTeX yet on input line 131.

[23]
LaTeX Font Info:    Font shape `EU1/TimesNewRoman(0)/m/sl' in size <12.045> not
 available
(Font)              Font shape `EU1/TimesNewRoman(0)/m/it' tried instead on inp
ut line 170.
 [24]
Underfull \hbox (badness 10000) in paragraph at lines 206--206
[]|\EU1/TimesNewRoman(0)/m/sc/11.04124 Waxman
 []


Overfull \hbox (0.84499pt too wide) in paragraph at lines 203--215
 [][] 
 []

[25

]
File: figures/hello.pdf Graphic file (type QTm)
 <use  "figures/hello.pdf" > [26]) [27

]
\openout2 = `data/resume.aux'.

 (./data/resume.tex [28



]) [29]
\tf@thm=\write8
\openout8 = `main.thm'.



Package natbib Warning: There were undefined citations.

(./main.aux (./data/chap01.aux) (./data/chap02.aux) (./data/ack.aux)
(./data/resume.aux))
LaTeX Font Info:    Size substitutions with differences
(Font)              up to 1.98875pt have occurred.
LaTeX Font Info:    Some font shapes were not available, defaults substituted.
 ) 
Here is how much of TeX's memory you used:
 15231 strings out of 494581
 233671 string characters out of 3159623
 341742 words of memory out of 3000000
 18056 multiletter control sequences out of 15000+200000
 76349 words of font info for 333 fonts, out of 3000000 for 9000
 670 hyphenation exceptions out of 8191
 51i,22n,85p,520b,682s stack positions out of 5000i,500n,10000p,200000b,50000s

Output written on main.pdf (39 pages).
